Removed Pin From Net: NetName=GND1 Pin=dr-02
Removed Pin From Net: NetName=GND1 Pin=J5-02
Removed Pin From Net: NetName=VCC1 Pin=J8-01
Removed Pin From Net: NetName=GND1 Pin=J8-02
Removed Pin From Net: NetName=NetD1_A Pin=U1-21
Change Component Comment : Designator=J3 Old Comment=S4 New Comment=S1
Change Component Designator: OldDesignator=dr NewDesignator=J6
Added Pin To Net: NetName=GND1 Pin=J5-01
Added Pin To Net: NetName=GND1 Pin=J6-01
Added Pin To Net: NetName=GND1 Pin=J8-04
Added Pin To Net: NetName=VCC1 Pin=J8-05
Added Pin To Net: NetName=NetD1_A Pin=U1-6
Added Pin To Net: NetName=NetJ5_02 Pin=J5-02
Added Pin To Net: NetName=NetJ5_02 Pin=U1-1
Added Net: Name=NetJ5_02
Added Pin To Net: NetName=NetJ6_02 Pin=J6-02
Added Pin To Net: NetName=NetJ6_02 Pin=U1-3
Added Net: Name=NetJ6_02
Added Pin To Net: NetName=NetJ8_01 Pin=J8-01
Added Pin To Net: NetName=NetJ8_01 Pin=U1-8
Added Net: Name=NetJ8_01
Added Pin To Net: NetName=NetJ8_02 Pin=J8-02
Added Pin To Net: NetName=NetJ8_02 Pin=U1-9
Added Net: Name=NetJ8_02
Added Room: Name=Sheet
