Added Component: Designator=D1(LED_151054RS03000)
Add component (AddParameter): Name = "Availability"; Value = "In Stock"; VariantName = "[No Variations]"
Add component (AddParameter): Name = "Check_prices"; Value = "https://www.snapeda.com/parts/151054RS03000/Wurth+Elektronik/view-part/?ref=eda"; VariantName = "[No Variations]"
Add component (AddParameter): Name = "MF"; Value = "Wurth Elektronik"; VariantName = "[No Variations]"
Add component (AddParameter): Name = "MP"; Value = "151054RS03000"; VariantName = "[No Variations]"
Add component (AddParameter): Name = "Package"; Value = "Radial Wurth Elektronik"; VariantName = "[No Variations]"
Add component (AddParameter): Name = "Price"; Value = "None"; VariantName = "[No Variations]"
Add component (AddParameter): Name = "Purchase-URL"; Value = "https://pricing.snapeda.com/search/part/151054RS03000/?ref=eda"; VariantName = "[No Variations]"
Add component (AddParameter): Name = "SnapEDA_Link"; Value = "https://www.snapeda.com/parts/151054RS03000/Wurth+Elektronik/view-part/?ref=snap"; VariantName = "[No Variations]"
Add component (AddParameter): Name = "Value"; Value = ""; VariantName = "[No Variations]"
Added Component: Designator=D2(DIOAD1036W78L470D235)
Add component (AddParameter): Name = "Availability"; Value = "In Stock"; VariantName = "[No Variations]"
Add component (AddParameter): Name = "Check_prices"; Value = "https://www.snapeda.com/parts/1N4007G/Taiwan+Semiconductor/view-part/?ref=eda"; VariantName = "[No Variations]"
Add component (AddParameter): Name = "MF"; Value = "Taiwan Semiconductor"; VariantName = "[No Variations]"
Add component (AddParameter): Name = "MP"; Value = "1N4007G"; VariantName = "[No Variations]"
Add component (AddParameter): Name = "Package"; Value = "DO-41 Taiwan Semiconductor"; VariantName = "[No Variations]"
Add component (AddParameter): Name = "Price"; Value = "None"; VariantName = "[No Variations]"
Add component (AddParameter): Name = "Purchase-URL"; Value = "https://pricing.snapeda.com/search/part/1N4007G/?ref=eda"; VariantName = "[No Variations]"
Add component (AddParameter): Name = "SnapEDA_Link"; Value = "https://www.snapeda.com/parts/1N4007G/Taiwan+Semiconductor/view-part/?ref=snap"; VariantName = "[No Variations]"
Add component (AddParameter): Name = "Value"; Value = ""; VariantName = "[No Variations]"
Added Component: Designator=D3(LED_151054RS03000)
Add component (AddParameter): Name = "Availability"; Value = "In Stock"; VariantName = "[No Variations]"
Add component (AddParameter): Name = "Check_prices"; Value = "https://www.snapeda.com/parts/151054RS03000/Wurth+Elektronik/view-part/?ref=eda"; VariantName = "[No Variations]"
Add component (AddParameter): Name = "MF"; Value = "Wurth Elektronik"; VariantName = "[No Variations]"
Add component (AddParameter): Name = "MP"; Value = "151054RS03000"; VariantName = "[No Variations]"
Add component (AddParameter): Name = "Package"; Value = "Radial Wurth Elektronik"; VariantName = "[No Variations]"
Add component (AddParameter): Name = "Price"; Value = "None"; VariantName = "[No Variations]"
Add component (AddParameter): Name = "Purchase-URL"; Value = "https://pricing.snapeda.com/search/part/151054RS03000/?ref=eda"; VariantName = "[No Variations]"
Add component (AddParameter): Name = "SnapEDA_Link"; Value = "https://www.snapeda.com/parts/151054RS03000/Wurth+Elektronik/view-part/?ref=snap"; VariantName = "[No Variations]"
Add component (AddParameter): Name = "Value"; Value = ""; VariantName = "[No Variations]"
Added Component: Designator=D4(DIOAD1036W78L470D235)
Add component (AddParameter): Name = "Availability"; Value = "In Stock"; VariantName = "[No Variations]"
Add component (AddParameter): Name = "Check_prices"; Value = "https://www.snapeda.com/parts/1N4007G/Taiwan+Semiconductor/view-part/?ref=eda"; VariantName = "[No Variations]"
Add component (AddParameter): Name = "MF"; Value = "Taiwan Semiconductor"; VariantName = "[No Variations]"
Add component (AddParameter): Name = "MP"; Value = "1N4007G"; VariantName = "[No Variations]"
Add component (AddParameter): Name = "Package"; Value = "DO-41 Taiwan Semiconductor"; VariantName = "[No Variations]"
Add component (AddParameter): Name = "Price"; Value = "None"; VariantName = "[No Variations]"
Add component (AddParameter): Name = "Purchase-URL"; Value = "https://pricing.snapeda.com/search/part/1N4007G/?ref=eda"; VariantName = "[No Variations]"
Add component (AddParameter): Name = "SnapEDA_Link"; Value = "https://www.snapeda.com/parts/1N4007G/Taiwan+Semiconductor/view-part/?ref=snap"; VariantName = "[No Variations]"
Add component (AddParameter): Name = "Value"; Value = ""; VariantName = "[No Variations]"
Added Component: Designator=J1(SAMTEC_TSW-202-07-T-S)
Add component (AddParameter): Name = "Availability"; Value = "Unavailable"; VariantName = "[No Variations]"
Add component (AddParameter): Name = "MF"; Value = ""; VariantName = "[No Variations]"
Add component (AddParameter): Name = "MP"; Value = "TSW-202-07-T-S"; VariantName = "[No Variations]"
Add component (AddParameter): Name = "Package"; Value = "None"; VariantName = "[No Variations]"
Add component (AddParameter): Name = "Price"; Value = "None"; VariantName = "[No Variations]"
Add component (AddParameter): Name = "Value"; Value = ""; VariantName = "[No Variations]"
Added Component: Designator=J2(SAMTEC_TSW-202-07-T-S)
Add component (AddParameter): Name = "Availability"; Value = "Unavailable"; VariantName = "[No Variations]"
Add component (AddParameter): Name = "MF"; Value = ""; VariantName = "[No Variations]"
Add component (AddParameter): Name = "MP"; Value = "TSW-202-07-T-S"; VariantName = "[No Variations]"
Add component (AddParameter): Name = "Package"; Value = "None"; VariantName = "[No Variations]"
Add component (AddParameter): Name = "Price"; Value = "None"; VariantName = "[No Variations]"
Add component (AddParameter): Name = "Value"; Value = ""; VariantName = "[No Variations]"
Added Component: Designator=J3(SAMTEC_TSW-202-07-T-S)
Add component (AddParameter): Name = "Availability"; Value = "Unavailable"; VariantName = "[No Variations]"
Add component (AddParameter): Name = "MF"; Value = ""; VariantName = "[No Variations]"
Add component (AddParameter): Name = "MP"; Value = "TSW-202-07-T-S"; VariantName = "[No Variations]"
Add component (AddParameter): Name = "Package"; Value = "None"; VariantName = "[No Variations]"
Add component (AddParameter): Name = "Price"; Value = "None"; VariantName = "[No Variations]"
Add component (AddParameter): Name = "Value"; Value = ""; VariantName = "[No Variations]"
Added Component: Designator=J4(SAMTEC_MTLW-104-X-X-S-X)
Add component (AddParameter): Name = "Availability"; Value = "Unavailable"; VariantName = "[No Variations]"
Add component (AddParameter): Name = "MF"; Value = "{'manufacturer': u'Samtec Inc.'}"; VariantName = "[No Variations]"
Add component (AddParameter): Name = "MP"; Value = "MTLW-104-X-X-S-X"; VariantName = "[No Variations]"
Add component (AddParameter): Name = "Package"; Value = "None"; VariantName = "[No Variations]"
Add component (AddParameter): Name = "Price"; Value = "None"; VariantName = "[No Variations]"
Add component (AddParameter): Name = "Value"; Value = ""; VariantName = "[No Variations]"
Added Component: Designator=J5(SAMTEC_TSW-202-07-T-S)
Add component (AddParameter): Name = "Availability"; Value = "Unavailable"; VariantName = "[No Variations]"
Add component (AddParameter): Name = "MF"; Value = ""; VariantName = "[No Variations]"
Add component (AddParameter): Name = "MP"; Value = "TSW-202-07-T-S"; VariantName = "[No Variations]"
Add component (AddParameter): Name = "Package"; Value = "None"; VariantName = "[No Variations]"
Add component (AddParameter): Name = "Price"; Value = "None"; VariantName = "[No Variations]"
Add component (AddParameter): Name = "Value"; Value = ""; VariantName = "[No Variations]"
Added Component: Designator=J6(SAMTEC_TSW-202-07-T-S)
Add component (AddParameter): Name = "Availability"; Value = "Unavailable"; VariantName = "[No Variations]"
Add component (AddParameter): Name = "MF"; Value = ""; VariantName = "[No Variations]"
Add component (AddParameter): Name = "MP"; Value = "TSW-202-07-T-S"; VariantName = "[No Variations]"
Add component (AddParameter): Name = "Package"; Value = "None"; VariantName = "[No Variations]"
Add component (AddParameter): Name = "Price"; Value = "None"; VariantName = "[No Variations]"
Add component (AddParameter): Name = "Value"; Value = ""; VariantName = "[No Variations]"
Added Component: Designator=J7(SAMTEC_TSW-202-07-T-S)
Add component (AddParameter): Name = "Availability"; Value = "Unavailable"; VariantName = "[No Variations]"
Add component (AddParameter): Name = "MF"; Value = ""; VariantName = "[No Variations]"
Add component (AddParameter): Name = "MP"; Value = "TSW-202-07-T-S"; VariantName = "[No Variations]"
Add component (AddParameter): Name = "Package"; Value = "None"; VariantName = "[No Variations]"
Add component (AddParameter): Name = "Price"; Value = "None"; VariantName = "[No Variations]"
Add component (AddParameter): Name = "Value"; Value = ""; VariantName = "[No Variations]"
Added Component: Designator=J8(SAMTEC_TSW-105-23-L-S)
Add component (AddParameter): Name = "Check_prices"; Value = "https://www.snapeda.com/parts/TSW-105-23-L-S/Samtec/view-part/?ref=eda"; VariantName = "[No Variations]"
Add component (AddParameter): Name = "Digi-Key_Part_Number"; Value = "SAM1071-05-ND"; VariantName = "[No Variations]"
Add component (AddParameter): Name = "MF"; Value = "Samtec"; VariantName = "[No Variations]"
Add component (AddParameter): Name = "MP"; Value = "TSW-105-23-L-S"; VariantName = "[No Variations]"
Add component (AddParameter): Name = "Package"; Value = "None"; VariantName = "[No Variations]"
Add component (AddParameter): Name = "Purchase-URL"; Value = "https://pricing.snapeda.com/search/part/TSW-105-23-L-S/?ref=eda"; VariantName = "[No Variations]"
Add component (AddParameter): Name = "SnapEDA_Link"; Value = "https://www.snapeda.com/parts/TSW-105-23-L-S/Samtec/view-part/?ref=snap"; VariantName = "[No Variations]"
Add component (AddParameter): Name = "Value"; Value = ""; VariantName = "[No Variations]"
Added Component: Designator=J9(SAMTEC_TSW-202-07-T-S)
Add component (AddParameter): Name = "Availability"; Value = "Unavailable"; VariantName = "[No Variations]"
Add component (AddParameter): Name = "MF"; Value = ""; VariantName = "[No Variations]"
Add component (AddParameter): Name = "MP"; Value = "TSW-202-07-T-S"; VariantName = "[No Variations]"
Add component (AddParameter): Name = "Package"; Value = "None"; VariantName = "[No Variations]"
Add component (AddParameter): Name = "Price"; Value = "None"; VariantName = "[No Variations]"
Add component (AddParameter): Name = "Value"; Value = ""; VariantName = "[No Variations]"
Added Component: Designator=J10(SAMTEC_TSW-202-07-T-S)
Add component (AddParameter): Name = "Availability"; Value = "Unavailable"; VariantName = "[No Variations]"
Add component (AddParameter): Name = "MF"; Value = ""; VariantName = "[No Variations]"
Add component (AddParameter): Name = "MP"; Value = "TSW-202-07-T-S"; VariantName = "[No Variations]"
Add component (AddParameter): Name = "Package"; Value = "None"; VariantName = "[No Variations]"
Add component (AddParameter): Name = "Price"; Value = "None"; VariantName = "[No Variations]"
Add component (AddParameter): Name = "Value"; Value = ""; VariantName = "[No Variations]"
Added Component: Designator=J11(SAMTEC_TSW-202-07-T-S)
Add component (AddParameter): Name = "Availability"; Value = "Unavailable"; VariantName = "[No Variations]"
Add component (AddParameter): Name = "MF"; Value = ""; VariantName = "[No Variations]"
Add component (AddParameter): Name = "MP"; Value = "TSW-202-07-T-S"; VariantName = "[No Variations]"
Add component (AddParameter): Name = "Package"; Value = "None"; VariantName = "[No Variations]"
Add component (AddParameter): Name = "Price"; Value = "None"; VariantName = "[No Variations]"
Add component (AddParameter): Name = "Value"; Value = ""; VariantName = "[No Variations]"
Added Component: Designator=J12(SAMTEC_MTLW-104-X-X-S-X)
Add component (AddParameter): Name = "Availability"; Value = "Unavailable"; VariantName = "[No Variations]"
Add component (AddParameter): Name = "MF"; Value = "{'manufacturer': u'Samtec Inc.'}"; VariantName = "[No Variations]"
Add component (AddParameter): Name = "MP"; Value = "MTLW-104-X-X-S-X"; VariantName = "[No Variations]"
Add component (AddParameter): Name = "Package"; Value = "None"; VariantName = "[No Variations]"
Add component (AddParameter): Name = "Price"; Value = "None"; VariantName = "[No Variations]"
Add component (AddParameter): Name = "Value"; Value = ""; VariantName = "[No Variations]"
Added Component: Designator=J13(SAMTEC_TSW-202-07-T-S)
Add component (AddParameter): Name = "Availability"; Value = "Unavailable"; VariantName = "[No Variations]"
Add component (AddParameter): Name = "MF"; Value = ""; VariantName = "[No Variations]"
Add component (AddParameter): Name = "MP"; Value = "TSW-202-07-T-S"; VariantName = "[No Variations]"
Add component (AddParameter): Name = "Package"; Value = "None"; VariantName = "[No Variations]"
Add component (AddParameter): Name = "Price"; Value = "None"; VariantName = "[No Variations]"
Add component (AddParameter): Name = "Value"; Value = ""; VariantName = "[No Variations]"
Added Component: Designator=J14(SAMTEC_TSW-202-07-T-S)
Add component (AddParameter): Name = "Availability"; Value = "Unavailable"; VariantName = "[No Variations]"
Add component (AddParameter): Name = "MF"; Value = ""; VariantName = "[No Variations]"
Add component (AddParameter): Name = "MP"; Value = "TSW-202-07-T-S"; VariantName = "[No Variations]"
Add component (AddParameter): Name = "Package"; Value = "None"; VariantName = "[No Variations]"
Add component (AddParameter): Name = "Price"; Value = "None"; VariantName = "[No Variations]"
Add component (AddParameter): Name = "Value"; Value = ""; VariantName = "[No Variations]"
Added Component: Designator=J15(SAMTEC_TSW-202-07-T-S)
Add component (AddParameter): Name = "Availability"; Value = "Unavailable"; VariantName = "[No Variations]"
Add component (AddParameter): Name = "MF"; Value = ""; VariantName = "[No Variations]"
Add component (AddParameter): Name = "MP"; Value = "TSW-202-07-T-S"; VariantName = "[No Variations]"
Add component (AddParameter): Name = "Package"; Value = "None"; VariantName = "[No Variations]"
Add component (AddParameter): Name = "Price"; Value = "None"; VariantName = "[No Variations]"
Add component (AddParameter): Name = "Value"; Value = ""; VariantName = "[No Variations]"
Added Component: Designator=Q1(TO39)
Add component (AddParameter): Name = "Check_prices"; Value = "https://www.snapeda.com/parts/BC547/Onsemi/view-part/?ref=eda"; VariantName = "[No Variations]"
Add component (AddParameter): Name = "MF"; Value = "ON Semiconductor"; VariantName = "[No Variations]"
Add component (AddParameter): Name = "MP"; Value = "BC547"; VariantName = "[No Variations]"
Add component (AddParameter): Name = "Package"; Value = "None"; VariantName = "[No Variations]"
Add component (AddParameter): Name = "SnapEDA_Link"; Value = "https://www.snapeda.com/parts/BC547/Onsemi/view-part/?ref=snap"; VariantName = "[No Variations]"
Add component (AddParameter): Name = "Value"; Value = ""; VariantName = "[No Variations]"
Added Component: Designator=Q2(TO39)
Add component (AddParameter): Name = "Check_prices"; Value = "https://www.snapeda.com/parts/BC547/Onsemi/view-part/?ref=eda"; VariantName = "[No Variations]"
Add component (AddParameter): Name = "MF"; Value = "ON Semiconductor"; VariantName = "[No Variations]"
Add component (AddParameter): Name = "MP"; Value = "BC547"; VariantName = "[No Variations]"
Add component (AddParameter): Name = "Package"; Value = "None"; VariantName = "[No Variations]"
Add component (AddParameter): Name = "SnapEDA_Link"; Value = "https://www.snapeda.com/parts/BC547/Onsemi/view-part/?ref=snap"; VariantName = "[No Variations]"
Add component (AddParameter): Name = "Value"; Value = ""; VariantName = "[No Variations]"
Added Component: Designator=R1(RESAD1520W70L1030D380)
Add component (AddParameter): Name = "Availability"; Value = "In Stock"; VariantName = "[No Variations]"
Add component (AddParameter): Name = "Check_prices"; Value = "https://www.snapeda.com/parts/CBT50J5R1/TE+Connectivity+%252F+AMP/view-part/?ref=eda"; VariantName = "[No Variations]"
Add component (AddParameter): Name = "MF"; Value = "TE Connectivity / AMP"; VariantName = "[No Variations]"
Add component (AddParameter): Name = "MP"; Value = "CBT50J5R1"; VariantName = "[No Variations]"
Add component (AddParameter): Name = "Package"; Value = "Axial TE Connectivity / AMP"; VariantName = "[No Variations]"
Add component (AddParameter): Name = "Price"; Value = "None"; VariantName = "[No Variations]"
Add component (AddParameter): Name = "Purchase-URL"; Value = "https://pricing.snapeda.com/search/part/CBT50J5R1/?ref=eda"; VariantName = "[No Variations]"
Add component (AddParameter): Name = "SnapEDA_Link"; Value = "https://www.snapeda.com/parts/CBT50J5R1/TE+Connectivity+%252F+AMP/view-part/?ref=snap"; VariantName = "[No Variations]"
Add component (AddParameter): Name = "Value"; Value = ""; VariantName = "[No Variations]"
Added Component: Designator=R2(RESAD1520W70L1030D380)
Add component (AddParameter): Name = "Availability"; Value = "In Stock"; VariantName = "[No Variations]"
Add component (AddParameter): Name = "Check_prices"; Value = "https://www.snapeda.com/parts/CBT50J5R1/TE+Connectivity+%252F+AMP/view-part/?ref=eda"; VariantName = "[No Variations]"
Add component (AddParameter): Name = "MF"; Value = "TE Connectivity / AMP"; VariantName = "[No Variations]"
Add component (AddParameter): Name = "MP"; Value = "CBT50J5R1"; VariantName = "[No Variations]"
Add component (AddParameter): Name = "Package"; Value = "Axial TE Connectivity / AMP"; VariantName = "[No Variations]"
Add component (AddParameter): Name = "Price"; Value = "None"; VariantName = "[No Variations]"
Add component (AddParameter): Name = "Purchase-URL"; Value = "https://pricing.snapeda.com/search/part/CBT50J5R1/?ref=eda"; VariantName = "[No Variations]"
Add component (AddParameter): Name = "SnapEDA_Link"; Value = "https://www.snapeda.com/parts/CBT50J5R1/TE+Connectivity+%252F+AMP/view-part/?ref=snap"; VariantName = "[No Variations]"
Add component (AddParameter): Name = "Value"; Value = ""; VariantName = "[No Variations]"
Added Component: Designator=R3(RESAD1520W70L1030D380)
Add component (AddParameter): Name = "Availability"; Value = "In Stock"; VariantName = "[No Variations]"
Add component (AddParameter): Name = "Check_prices"; Value = "https://www.snapeda.com/parts/CBT50J5R1/TE+Connectivity+%252F+AMP/view-part/?ref=eda"; VariantName = "[No Variations]"
Add component (AddParameter): Name = "MF"; Value = "TE Connectivity / AMP"; VariantName = "[No Variations]"
Add component (AddParameter): Name = "MP"; Value = "CBT50J5R1"; VariantName = "[No Variations]"
Add component (AddParameter): Name = "Package"; Value = "Axial TE Connectivity / AMP"; VariantName = "[No Variations]"
Add component (AddParameter): Name = "Price"; Value = "None"; VariantName = "[No Variations]"
Add component (AddParameter): Name = "Purchase-URL"; Value = "https://pricing.snapeda.com/search/part/CBT50J5R1/?ref=eda"; VariantName = "[No Variations]"
Add component (AddParameter): Name = "SnapEDA_Link"; Value = "https://www.snapeda.com/parts/CBT50J5R1/TE+Connectivity+%252F+AMP/view-part/?ref=snap"; VariantName = "[No Variations]"
Add component (AddParameter): Name = "Value"; Value = ""; VariantName = "[No Variations]"
Added Component: Designator=R4(RESAD1520W70L1030D380)
Add component (AddParameter): Name = "Availability"; Value = "In Stock"; VariantName = "[No Variations]"
Add component (AddParameter): Name = "Check_prices"; Value = "https://www.snapeda.com/parts/CBT50J5R1/TE+Connectivity+%252F+AMP/view-part/?ref=eda"; VariantName = "[No Variations]"
Add component (AddParameter): Name = "MF"; Value = "TE Connectivity / AMP"; VariantName = "[No Variations]"
Add component (AddParameter): Name = "MP"; Value = "CBT50J5R1"; VariantName = "[No Variations]"
Add component (AddParameter): Name = "Package"; Value = "Axial TE Connectivity / AMP"; VariantName = "[No Variations]"
Add component (AddParameter): Name = "Price"; Value = "None"; VariantName = "[No Variations]"
Add component (AddParameter): Name = "Purchase-URL"; Value = "https://pricing.snapeda.com/search/part/CBT50J5R1/?ref=eda"; VariantName = "[No Variations]"
Add component (AddParameter): Name = "SnapEDA_Link"; Value = "https://www.snapeda.com/parts/CBT50J5R1/TE+Connectivity+%252F+AMP/view-part/?ref=snap"; VariantName = "[No Variations]"
Add component (AddParameter): Name = "Value"; Value = ""; VariantName = "[No Variations]"
Added Component: Designator=R5(RESAD1520W70L1030D380)
Add component (AddParameter): Name = "Availability"; Value = "In Stock"; VariantName = "[No Variations]"
Add component (AddParameter): Name = "Check_prices"; Value = "https://www.snapeda.com/parts/CBT50J5R1/TE+Connectivity+%252F+AMP/view-part/?ref=eda"; VariantName = "[No Variations]"
Add component (AddParameter): Name = "MF"; Value = "TE Connectivity / AMP"; VariantName = "[No Variations]"
Add component (AddParameter): Name = "MP"; Value = "CBT50J5R1"; VariantName = "[No Variations]"
Add component (AddParameter): Name = "Package"; Value = "Axial TE Connectivity / AMP"; VariantName = "[No Variations]"
Add component (AddParameter): Name = "Price"; Value = "None"; VariantName = "[No Variations]"
Add component (AddParameter): Name = "Purchase-URL"; Value = "https://pricing.snapeda.com/search/part/CBT50J5R1/?ref=eda"; VariantName = "[No Variations]"
Add component (AddParameter): Name = "SnapEDA_Link"; Value = "https://www.snapeda.com/parts/CBT50J5R1/TE+Connectivity+%252F+AMP/view-part/?ref=snap"; VariantName = "[No Variations]"
Add component (AddParameter): Name = "Value"; Value = ""; VariantName = "[No Variations]"
Added Component: Designator=R6(RESAD1520W70L1030D380)
Add component (AddParameter): Name = "Availability"; Value = "In Stock"; VariantName = "[No Variations]"
Add component (AddParameter): Name = "Check_prices"; Value = "https://www.snapeda.com/parts/CBT50J5R1/TE+Connectivity+%252F+AMP/view-part/?ref=eda"; VariantName = "[No Variations]"
Add component (AddParameter): Name = "MF"; Value = "TE Connectivity / AMP"; VariantName = "[No Variations]"
Add component (AddParameter): Name = "MP"; Value = "CBT50J5R1"; VariantName = "[No Variations]"
Add component (AddParameter): Name = "Package"; Value = "Axial TE Connectivity / AMP"; VariantName = "[No Variations]"
Add component (AddParameter): Name = "Price"; Value = "None"; VariantName = "[No Variations]"
Add component (AddParameter): Name = "Purchase-URL"; Value = "https://pricing.snapeda.com/search/part/CBT50J5R1/?ref=eda"; VariantName = "[No Variations]"
Add component (AddParameter): Name = "SnapEDA_Link"; Value = "https://www.snapeda.com/parts/CBT50J5R1/TE+Connectivity+%252F+AMP/view-part/?ref=snap"; VariantName = "[No Variations]"
Add component (AddParameter): Name = "Value"; Value = ""; VariantName = "[No Variations]"
Added Component: Designator=U1(MODULE_ESP32-C3_SUPERMINI)
Add component (AddParameter): Name = "Check_prices"; Value = "https://www.snapeda.com/parts/ESP32-C3%20SuperMini/Espressif+Systems/view-part/?ref=eda"; VariantName = "[No Variations]"
Add component (AddParameter): Name = "MF"; Value = "Espressif Systems"; VariantName = "[No Variations]"
Add component (AddParameter): Name = "MP"; Value = "ESP32-C3 SuperMini"; VariantName = "[No Variations]"
Add component (AddParameter): Name = "Package"; Value = "Package"; VariantName = "[No Variations]"
Add component (AddParameter): Name = "SnapEDA_Link"; Value = "https://www.snapeda.com/parts/ESP32-C3%20SuperMini/Espressif+Systems/view-part/?ref=snap"; VariantName = "[No Variations]"
Add component (AddParameter): Name = "Value"; Value = ""; VariantName = "[No Variations]"
Added Component: Designator=U2(MODULE_DEVKIT_V1_ESP32-WROOM-32)
Add component (AddParameter): Name = "Check_prices"; Value = "https://www.snapeda.com/parts/DEVKIT%20V1%20ESP32-WROOM-32/Espressif+Systems/view-part/?ref=eda"; VariantName = "[No Variations]"
Add component (AddParameter): Name = "MF"; Value = "Espressif Systems"; VariantName = "[No Variations]"
Add component (AddParameter): Name = "MP"; Value = "DEVKIT V1 ESP32-WROOM-32"; VariantName = "[No Variations]"
Add component (AddParameter): Name = "Package"; Value = "Package"; VariantName = "[No Variations]"
Add component (AddParameter): Name = "SnapEDA_Link"; Value = "https://www.snapeda.com/parts/DEVKIT%20V1%20ESP32-WROOM-32/Espressif+Systems/view-part/?ref=snap"; VariantName = "[No Variations]"
Add component (AddParameter): Name = "Value"; Value = ""; VariantName = "[No Variations]"
Added Pin To Net: NetName=BAT+ Pin=J3-01
Added Net: Name=BAT+
Added Pin To Net: NetName=GND1 Pin=D1-C
Added Pin To Net: NetName=GND1 Pin=D3-C
Added Pin To Net: NetName=GND1 Pin=J2-02
Added Pin To Net: NetName=GND1 Pin=J5-02
Added Pin To Net: NetName=GND1 Pin=J6-02
Added Pin To Net: NetName=GND1 Pin=J8-02
Added Pin To Net: NetName=GND1 Pin=J10-02
Added Pin To Net: NetName=GND1 Pin=J11-02
Added Pin To Net: NetName=GND1 Pin=J13-02
Added Pin To Net: NetName=GND1 Pin=J14-02
Added Pin To Net: NetName=GND1 Pin=U1-G
Added Pin To Net: NetName=GND1 Pin=U2-38
Added Net: Name=GND1
Added Pin To Net: NetName=GND2 Pin=J1-02
Added Pin To Net: NetName=GND2 Pin=J7-02
Added Pin To Net: NetName=GND2 Pin=J9-02
Added Pin To Net: NetName=GND2 Pin=J15-02
Added Pin To Net: NetName=GND2 Pin=Q1-1
Added Pin To Net: NetName=GND2 Pin=Q2-1
Added Pin To Net: NetName=GND2 Pin=R3-2
Added Pin To Net: NetName=GND2 Pin=R6-2
Added Net: Name=GND2
Added Pin To Net: NetName=NetD1_A Pin=D1-A
Added Pin To Net: NetName=NetD1_A Pin=U1-21
Added Net: Name=NetD1_A
Added Pin To Net: NetName=NetD2_A Pin=D2-A
Added Pin To Net: NetName=NetD2_A Pin=J4-02
Added Net: Name=NetD2_A
Added Pin To Net: NetName=NetD2_C Pin=D2-C
Added Pin To Net: NetName=NetD2_C Pin=Q1-2
Added Pin To Net: NetName=NetD2_C Pin=R3-1
Added Net: Name=NetD2_C
Added Pin To Net: NetName=NetD3_A Pin=D3-A
Added Pin To Net: NetName=NetD3_A Pin=U2-31
Added Net: Name=NetD3_A
Added Pin To Net: NetName=NetD4_A Pin=D4-A
Added Pin To Net: NetName=NetD4_A Pin=J12-02
Added Net: Name=NetD4_A
Added Pin To Net: NetName=NetD4_C Pin=D4-C
Added Pin To Net: NetName=NetD4_C Pin=Q2-2
Added Pin To Net: NetName=NetD4_C Pin=R6-1
Added Net: Name=NetD4_C
Added Pin To Net: NetName=NetJ4_01 Pin=J4-01
Added Pin To Net: NetName=NetJ4_01 Pin=R1-2
Added Pin To Net: NetName=NetJ4_01 Pin=R2-1
Added Net: Name=NetJ4_01
Added Pin To Net: NetName=NetJ4_04 Pin=J4-04
Added Pin To Net: NetName=NetJ4_04 Pin=J7-01
Added Net: Name=NetJ4_04
Added Pin To Net: NetName=NetJ5_01 Pin=J5-01
Added Pin To Net: NetName=NetJ5_01 Pin=U1-8
Added Net: Name=NetJ5_01
Added Pin To Net: NetName=NetJ6_01 Pin=J6-01
Added Pin To Net: NetName=NetJ6_01 Pin=U1-10
Added Net: Name=NetJ6_01
Added Pin To Net: NetName=NetJ8_03 Pin=J8-03
Added Pin To Net: NetName=NetJ8_03 Pin=U1-6
Added Net: Name=NetJ8_03
Added Pin To Net: NetName=NetJ8_04 Pin=J8-04
Added Pin To Net: NetName=NetJ8_04 Pin=U1-4
Added Net: Name=NetJ8_04
Added Pin To Net: NetName=NetJ8_05 Pin=J8-05
Added Pin To Net: NetName=NetJ8_05 Pin=U1-2
Added Net: Name=NetJ8_05
Added Pin To Net: NetName=NetJ11_01 Pin=J11-01
Added Pin To Net: NetName=NetJ11_01 Pin=U2-37
Added Net: Name=NetJ11_01
Added Pin To Net: NetName=NetJ12_01 Pin=J12-01
Added Pin To Net: NetName=NetJ12_01 Pin=R4-2
Added Pin To Net: NetName=NetJ12_01 Pin=R5-1
Added Net: Name=NetJ12_01
Added Pin To Net: NetName=NetJ12_04 Pin=J12-04
Added Pin To Net: NetName=NetJ12_04 Pin=J15-01
Added Net: Name=NetJ12_04
Added Pin To Net: NetName=NetJ13_01 Pin=J13-01
Added Pin To Net: NetName=NetJ13_01 Pin=U2-36
Added Net: Name=NetJ13_01
Added Pin To Net: NetName=NetJ14_01 Pin=J14-01
Added Pin To Net: NetName=NetJ14_01 Pin=U2-33
Added Net: Name=NetJ14_01
Added Pin To Net: NetName=NetQ1_3 Pin=Q1-3
Added Pin To Net: NetName=NetQ1_3 Pin=R2-2
Added Net: Name=NetQ1_3
Added Pin To Net: NetName=NetQ2_3 Pin=Q2-3
Added Pin To Net: NetName=NetQ2_3 Pin=R5-2
Added Net: Name=NetQ2_3
Added Pin To Net: NetName=VCC1 Pin=J2-01
Added Pin To Net: NetName=VCC1 Pin=J8-01
Added Pin To Net: NetName=VCC1 Pin=J10-01
Added Pin To Net: NetName=VCC1 Pin=U1-5V
Added Pin To Net: NetName=VCC1 Pin=U2-19
Added Net: Name=VCC1
Added Pin To Net: NetName=VCC2 Pin=J1-01
Added Pin To Net: NetName=VCC2 Pin=J3-02
Added Pin To Net: NetName=VCC2 Pin=J4-03
Added Pin To Net: NetName=VCC2 Pin=J9-01
Added Pin To Net: NetName=VCC2 Pin=J12-03
Added Pin To Net: NetName=VCC2 Pin=R1-1
Added Pin To Net: NetName=VCC2 Pin=R4-1
Added Net: Name=VCC2
Added Class: Name=Sheet1
Added Class: Name=Sheet
Added Room: Name=Sheet1
Added Room: Name=Sheet
