Removed Member From Class: ClassName=Sheet Member=U?
Change component parameters: Designator = "R6" ("R6"); Footprint = "AXIAL-0.3"; UniqueID = "\ZZXFGEUG" ("\ZZXFGEUG")
Change component parameters (AddParameter): Name = "LatestRevisionDate"; Value = "17-Jul-2002"; VariantName = "[No Variations]"
Change component parameters (AddParameter): Name = "LatestRevisionNote"; Value = "Re-released for DXP Platform."; VariantName = "[No Variations]"
Change component parameters (AddParameter): Name = "PackageDescription"; Value = "Axial Device, Thru-Hole; 2 Leads; 0.3 in Pin Spacing"; VariantName = "[No Variations]"
Change component parameters (AddParameter): Name = "PackageReference"; Value = "AXIAL-0.3"; VariantName = "[No Variations]"
Change component parameters (AddParameter): Name = "Published"; Value = "8-Jun-2000"; VariantName = "[No Variations]"
Change component parameters (AddParameter): Name = "Publisher"; Value = "Altium Limited"; VariantName = "[No Variations]"
Change component parameters (AddParameter): Name = "Value"; Value = "30K"; VariantName = "[No Variations]"
Change component parameters: Designator = "R7" ("R7"); Footprint = "AXIAL-0.3"; UniqueID = "\KRYBJRHE" ("\KRYBJRHE")
Change component parameters (AddParameter): Name = "LatestRevisionDate"; Value = "17-Jul-2002"; VariantName = "[No Variations]"
Change component parameters (AddParameter): Name = "LatestRevisionNote"; Value = "Re-released for DXP Platform."; VariantName = "[No Variations]"
Change component parameters (AddParameter): Name = "PackageDescription"; Value = "Axial Device, Thru-Hole; 2 Leads; 0.3 in Pin Spacing"; VariantName = "[No Variations]"
Change component parameters (AddParameter): Name = "PackageReference"; Value = "AXIAL-0.3"; VariantName = "[No Variations]"
Change component parameters (AddParameter): Name = "Published"; Value = "8-Jun-2000"; VariantName = "[No Variations]"
Change component parameters (AddParameter): Name = "Publisher"; Value = "Altium Limited"; VariantName = "[No Variations]"
Change component parameters (AddParameter): Name = "Value"; Value = "50"; VariantName = "[No Variations]"
Change component parameters: Designator = "R8" ("R8"); Footprint = "AXIAL-0.3"; UniqueID = "\DRHAWOZI" ("\DRHAWOZI")
Change component parameters (AddParameter): Name = "LatestRevisionDate"; Value = "17-Jul-2002"; VariantName = "[No Variations]"
Change component parameters (AddParameter): Name = "LatestRevisionNote"; Value = "Re-released for DXP Platform."; VariantName = "[No Variations]"
Change component parameters (AddParameter): Name = "PackageDescription"; Value = "Axial Device, Thru-Hole; 2 Leads; 0.3 in Pin Spacing"; VariantName = "[No Variations]"
Change component parameters (AddParameter): Name = "PackageReference"; Value = "AXIAL-0.3"; VariantName = "[No Variations]"
Change component parameters (AddParameter): Name = "Published"; Value = "8-Jun-2000"; VariantName = "[No Variations]"
Change component parameters (AddParameter): Name = "Publisher"; Value = "Altium Limited"; VariantName = "[No Variations]"
Change component parameters (AddParameter): Name = "Value"; Value = "22"; VariantName = "[No Variations]"
Change component parameters: Designator = "R9" ("R9"); Footprint = "AXIAL-0.3"; UniqueID = "\FIJAUBWO" ("\FIJAUBWO")
Change component parameters (AddParameter): Name = "LatestRevisionDate"; Value = "17-Jul-2002"; VariantName = "[No Variations]"
Change component parameters (AddParameter): Name = "LatestRevisionNote"; Value = "Re-released for DXP Platform."; VariantName = "[No Variations]"
Change component parameters (AddParameter): Name = "PackageDescription"; Value = "Axial Device, Thru-Hole; 2 Leads; 0.3 in Pin Spacing"; VariantName = "[No Variations]"
Change component parameters (AddParameter): Name = "PackageReference"; Value = "AXIAL-0.3"; VariantName = "[No Variations]"
Change component parameters (AddParameter): Name = "Published"; Value = "8-Jun-2000"; VariantName = "[No Variations]"
Change component parameters (AddParameter): Name = "Publisher"; Value = "Altium Limited"; VariantName = "[No Variations]"
Change component parameters (AddParameter): Name = "Value"; Value = "22"; VariantName = "[No Variations]"
Added Component: Designator=C1(CAPRR254W54L381T254H466)
Add component (AddParameter): Name = "Check_prices"; Value = "https://www.snapeda.com/parts/C315C470J1G5TA/KEMET/view-part/?ref=eda"; VariantName = "[No Variations]"
Add component (AddParameter): Name = "MF"; Value = "KEMET"; VariantName = "[No Variations]"
Add component (AddParameter): Name = "MP"; Value = "C315C470J1G5TA"; VariantName = "[No Variations]"
Add component (AddParameter): Name = "Package"; Value = "Radial Kemet"; VariantName = "[No Variations]"
Add component (AddParameter): Name = "SnapEDA_Link"; Value = "https://www.snapeda.com/parts/C315C470J1G5TA/KEMET/view-part/?ref=snap"; VariantName = "[No Variations]"
Add component (AddParameter): Name = "Value"; Value = ""; VariantName = "[No Variations]"
Added Component: Designator=C2(CAPRR254W54L381T254H466)
Add component (AddParameter): Name = "Check_prices"; Value = "https://www.snapeda.com/parts/C315C470J1G5TA/KEMET/view-part/?ref=eda"; VariantName = "[No Variations]"
Add component (AddParameter): Name = "MF"; Value = "KEMET"; VariantName = "[No Variations]"
Add component (AddParameter): Name = "MP"; Value = "C315C470J1G5TA"; VariantName = "[No Variations]"
Add component (AddParameter): Name = "Package"; Value = "Radial Kemet"; VariantName = "[No Variations]"
Add component (AddParameter): Name = "SnapEDA_Link"; Value = "https://www.snapeda.com/parts/C315C470J1G5TA/KEMET/view-part/?ref=snap"; VariantName = "[No Variations]"
Add component (AddParameter): Name = "Value"; Value = ""; VariantName = "[No Variations]"
Added Component: Designator=C3(CAPRR254W54L381T254H466)
Add component (AddParameter): Name = "Check_prices"; Value = "https://www.snapeda.com/parts/C315C470J1G5TA/KEMET/view-part/?ref=eda"; VariantName = "[No Variations]"
Add component (AddParameter): Name = "MF"; Value = "KEMET"; VariantName = "[No Variations]"
Add component (AddParameter): Name = "MP"; Value = "C315C470J1G5TA"; VariantName = "[No Variations]"
Add component (AddParameter): Name = "Package"; Value = "Radial Kemet"; VariantName = "[No Variations]"
Add component (AddParameter): Name = "SnapEDA_Link"; Value = "https://www.snapeda.com/parts/C315C470J1G5TA/KEMET/view-part/?ref=snap"; VariantName = "[No Variations]"
Add component (AddParameter): Name = "Value"; Value = ""; VariantName = "[No Variations]"
Added Component: Designator=J1(SAMTEC_TSW-202-07-T-S)
Add component (AddParameter): Name = "Availability"; Value = "Unavailable"; VariantName = "[No Variations]"
Add component (AddParameter): Name = "MF"; Value = ""; VariantName = "[No Variations]"
Add component (AddParameter): Name = "MP"; Value = "TSW-202-07-T-S"; VariantName = "[No Variations]"
Add component (AddParameter): Name = "Package"; Value = "None"; VariantName = "[No Variations]"
Add component (AddParameter): Name = "Price"; Value = "None"; VariantName = "[No Variations]"
Add component (AddParameter): Name = "Value"; Value = ""; VariantName = "[No Variations]"
Added Component: Designator=J2(SAMTEC_TSW-202-07-T-S)
Add component (AddParameter): Name = "Availability"; Value = "Unavailable"; VariantName = "[No Variations]"
Add component (AddParameter): Name = "MF"; Value = ""; VariantName = "[No Variations]"
Add component (AddParameter): Name = "MP"; Value = "TSW-202-07-T-S"; VariantName = "[No Variations]"
Add component (AddParameter): Name = "Package"; Value = "None"; VariantName = "[No Variations]"
Add component (AddParameter): Name = "Price"; Value = "None"; VariantName = "[No Variations]"
Add component (AddParameter): Name = "Value"; Value = ""; VariantName = "[No Variations]"
Added Component: Designator=J3(SAMTEC_TSW-202-07-T-S)
Add component (AddParameter): Name = "Availability"; Value = "Unavailable"; VariantName = "[No Variations]"
Add component (AddParameter): Name = "MF"; Value = ""; VariantName = "[No Variations]"
Add component (AddParameter): Name = "MP"; Value = "TSW-202-07-T-S"; VariantName = "[No Variations]"
Add component (AddParameter): Name = "Package"; Value = "None"; VariantName = "[No Variations]"
Add component (AddParameter): Name = "Price"; Value = "None"; VariantName = "[No Variations]"
Add component (AddParameter): Name = "Value"; Value = ""; VariantName = "[No Variations]"
Added Component: Designator=J4(SAMTEC_TSW-202-07-T-S)
Add component (AddParameter): Name = "Availability"; Value = "Unavailable"; VariantName = "[No Variations]"
Add component (AddParameter): Name = "MF"; Value = ""; VariantName = "[No Variations]"
Add component (AddParameter): Name = "MP"; Value = "TSW-202-07-T-S"; VariantName = "[No Variations]"
Add component (AddParameter): Name = "Package"; Value = "None"; VariantName = "[No Variations]"
Add component (AddParameter): Name = "Price"; Value = "None"; VariantName = "[No Variations]"
Add component (AddParameter): Name = "Value"; Value = ""; VariantName = "[No Variations]"
Added Component: Designator=J5(SAMTEC_TSW-202-07-T-S)
Add component (AddParameter): Name = "Availability"; Value = "Unavailable"; VariantName = "[No Variations]"
Add component (AddParameter): Name = "MF"; Value = ""; VariantName = "[No Variations]"
Add component (AddParameter): Name = "MP"; Value = "TSW-202-07-T-S"; VariantName = "[No Variations]"
Add component (AddParameter): Name = "Package"; Value = "None"; VariantName = "[No Variations]"
Add component (AddParameter): Name = "Price"; Value = "None"; VariantName = "[No Variations]"
Add component (AddParameter): Name = "Value"; Value = ""; VariantName = "[No Variations]"
Added Component: Designator=J6(SAMTEC_MTLW-104-X-X-S-X)
Add component (AddParameter): Name = "Availability"; Value = "Unavailable"; VariantName = "[No Variations]"
Add component (AddParameter): Name = "MF"; Value = "{'manufacturer': u'Samtec Inc.'}"; VariantName = "[No Variations]"
Add component (AddParameter): Name = "MP"; Value = "MTLW-104-X-X-S-X"; VariantName = "[No Variations]"
Add component (AddParameter): Name = "Package"; Value = "None"; VariantName = "[No Variations]"
Add component (AddParameter): Name = "Price"; Value = "None"; VariantName = "[No Variations]"
Add component (AddParameter): Name = "Value"; Value = ""; VariantName = "[No Variations]"
Added Component: Designator=J8(SAMTEC_TSW-105-23-L-S)
Add component (AddParameter): Name = "Check_prices"; Value = "https://www.snapeda.com/parts/TSW-105-23-L-S/Samtec/view-part/?ref=eda"; VariantName = "[No Variations]"
Add component (AddParameter): Name = "Digi-Key_Part_Number"; Value = "SAM1071-05-ND"; VariantName = "[No Variations]"
Add component (AddParameter): Name = "MF"; Value = "Samtec"; VariantName = "[No Variations]"
Add component (AddParameter): Name = "MP"; Value = "TSW-105-23-L-S"; VariantName = "[No Variations]"
Add component (AddParameter): Name = "Package"; Value = "None"; VariantName = "[No Variations]"
Add component (AddParameter): Name = "Purchase-URL"; Value = "https://pricing.snapeda.com/search/part/TSW-105-23-L-S/?ref=eda"; VariantName = "[No Variations]"
Add component (AddParameter): Name = "SnapEDA_Link"; Value = "https://www.snapeda.com/parts/TSW-105-23-L-S/Samtec/view-part/?ref=snap"; VariantName = "[No Variations]"
Add component (AddParameter): Name = "Value"; Value = ""; VariantName = "[No Variations]"
Added Component: Designator=R1(AXIAL-0.3)
Add component (AddParameter): Name = "LatestRevisionDate"; Value = "17-Jul-2002"; VariantName = "[No Variations]"
Add component (AddParameter): Name = "LatestRevisionNote"; Value = "Re-released for DXP Platform."; VariantName = "[No Variations]"
Add component (AddParameter): Name = "PackageDescription"; Value = "Axial Device, Thru-Hole; 2 Leads; 0.3 in Pin Spacing"; VariantName = "[No Variations]"
Add component (AddParameter): Name = "PackageReference"; Value = "AXIAL-0.3"; VariantName = "[No Variations]"
Add component (AddParameter): Name = "Published"; Value = "8-Jun-2000"; VariantName = "[No Variations]"
Add component (AddParameter): Name = "Publisher"; Value = "Altium Limited"; VariantName = "[No Variations]"
Add component (AddParameter): Name = "Value"; Value = "1K"; VariantName = "[No Variations]"
Added Component: Designator=R2(AXIAL-0.3)
Add component (AddParameter): Name = "LatestRevisionDate"; Value = "17-Jul-2002"; VariantName = "[No Variations]"
Add component (AddParameter): Name = "LatestRevisionNote"; Value = "Re-released for DXP Platform."; VariantName = "[No Variations]"
Add component (AddParameter): Name = "PackageDescription"; Value = "Axial Device, Thru-Hole; 2 Leads; 0.3 in Pin Spacing"; VariantName = "[No Variations]"
Add component (AddParameter): Name = "PackageReference"; Value = "AXIAL-0.3"; VariantName = "[No Variations]"
Add component (AddParameter): Name = "Published"; Value = "8-Jun-2000"; VariantName = "[No Variations]"
Add component (AddParameter): Name = "Publisher"; Value = "Altium Limited"; VariantName = "[No Variations]"
Add component (AddParameter): Name = "Value"; Value = "1K"; VariantName = "[No Variations]"
Added Component: Designator=R3(AXIAL-0.3)
Add component (AddParameter): Name = "LatestRevisionDate"; Value = "17-Jul-2002"; VariantName = "[No Variations]"
Add component (AddParameter): Name = "LatestRevisionNote"; Value = "Re-released for DXP Platform."; VariantName = "[No Variations]"
Add component (AddParameter): Name = "PackageDescription"; Value = "Axial Device, Thru-Hole; 2 Leads; 0.3 in Pin Spacing"; VariantName = "[No Variations]"
Add component (AddParameter): Name = "PackageReference"; Value = "AXIAL-0.3"; VariantName = "[No Variations]"
Add component (AddParameter): Name = "Published"; Value = "8-Jun-2000"; VariantName = "[No Variations]"
Add component (AddParameter): Name = "Publisher"; Value = "Altium Limited"; VariantName = "[No Variations]"
Add component (AddParameter): Name = "Value"; Value = "1K"; VariantName = "[No Variations]"
Added Component: Designator=R4(AXIAL-0.3)
Add component (AddParameter): Name = "LatestRevisionDate"; Value = "17-Jul-2002"; VariantName = "[No Variations]"
Add component (AddParameter): Name = "LatestRevisionNote"; Value = "Re-released for DXP Platform."; VariantName = "[No Variations]"
Add component (AddParameter): Name = "PackageDescription"; Value = "Axial Device, Thru-Hole; 2 Leads; 0.3 in Pin Spacing"; VariantName = "[No Variations]"
Add component (AddParameter): Name = "PackageReference"; Value = "AXIAL-0.3"; VariantName = "[No Variations]"
Add component (AddParameter): Name = "Published"; Value = "8-Jun-2000"; VariantName = "[No Variations]"
Add component (AddParameter): Name = "Publisher"; Value = "Altium Limited"; VariantName = "[No Variations]"
Add component (AddParameter): Name = "Value"; Value = "1K"; VariantName = "[No Variations]"
Added Component: Designator=R5(AXIAL-0.3)
Add component (AddParameter): Name = "LatestRevisionDate"; Value = "17-Jul-2002"; VariantName = "[No Variations]"
Add component (AddParameter): Name = "LatestRevisionNote"; Value = "Re-released for DXP Platform."; VariantName = "[No Variations]"
Add component (AddParameter): Name = "PackageDescription"; Value = "Axial Device, Thru-Hole; 2 Leads; 0.3 in Pin Spacing"; VariantName = "[No Variations]"
Add component (AddParameter): Name = "PackageReference"; Value = "AXIAL-0.3"; VariantName = "[No Variations]"
Add component (AddParameter): Name = "Published"; Value = "8-Jun-2000"; VariantName = "[No Variations]"
Add component (AddParameter): Name = "Publisher"; Value = "Altium Limited"; VariantName = "[No Variations]"
Add component (AddParameter): Name = "Value"; Value = "1K"; VariantName = "[No Variations]"
Added Component: Designator=U1(MODULE_ESP32-C3_SUPERMINI)
Add component (AddParameter): Name = "Check_prices"; Value = "https://www.snapeda.com/parts/ESP32-C3%20SuperMini/Espressif+Systems/view-part/?ref=eda"; VariantName = "[No Variations]"
Add component (AddParameter): Name = "MF"; Value = "Espressif Systems"; VariantName = "[No Variations]"
Add component (AddParameter): Name = "MP"; Value = "ESP32-C3 SuperMini"; VariantName = "[No Variations]"
Add component (AddParameter): Name = "Package"; Value = "Package"; VariantName = "[No Variations]"
Add component (AddParameter): Name = "SnapEDA_Link"; Value = "https://www.snapeda.com/parts/ESP32-C3%20SuperMini/Espressif+Systems/view-part/?ref=snap"; VariantName = "[No Variations]"
Add component (AddParameter): Name = "Value"; Value = ""; VariantName = "[No Variations]"
Added Pin To Net: NetName=GND Pin=C1-1
Added Pin To Net: NetName=NetC1_2 Pin=C1-2
Added Pin To Net: NetName=GND Pin=C2-1
Added Pin To Net: NetName=NetC2_2 Pin=C2-2
Added Pin To Net: NetName=GND Pin=C3-1
Added Pin To Net: NetName=NetC3_2 Pin=C3-2
Added Pin To Net: NetName=GND Pin=J1-01
Added Pin To Net: NetName=NetC2_2 Pin=J1-02
Added Pin To Net: NetName=VCC Pin=J2-01
Added Pin To Net: NetName=GND Pin=J2-02
Added Pin To Net: NetName=BAT+ Pin=J3-01
Added Pin To Net: NetName=GND Pin=J3-02
Added Pin To Net: NetName=GND Pin=J4-01
Added Pin To Net: NetName=NetC3_2 Pin=J4-02
Added Pin To Net: NetName=GND Pin=J5-01
Added Pin To Net: NetName=NetC1_2 Pin=J5-02
Added Pin To Net: NetName=NetJ6_01 Pin=J6-01
Added Pin To Net: NetName=NetJ6_02 Pin=J6-02
Added Pin To Net: NetName=GND Pin=J6-03
Added Pin To Net: NetName=NetJ6_04 Pin=J6-04
Added Pin To Net: NetName=NetJ8_01 Pin=J8-01
Added Pin To Net: NetName=NetJ8_02 Pin=J8-02
Added Pin To Net: NetName=GND Pin=J8-04
Added Pin To Net: NetName=VCC Pin=J8-05
Added Pin To Net: NetName=NetR1_1 Pin=R1-1
Added Pin To Net: NetName=NetJ6_04 Pin=R1-2
Added Pin To Net: NetName=NetR2_1 Pin=R2-1
Added Pin To Net: NetName=NetJ6_02 Pin=R2-2
Added Pin To Net: NetName=NetR3_1 Pin=R3-1
Added Pin To Net: NetName=NetJ6_01 Pin=R3-2
Added Pin To Net: NetName=BAT+ Pin=R4-1
Added Pin To Net: NetName=NetR4_2 Pin=R4-2
Added Pin To Net: NetName=NetR4_2 Pin=R5-1
Added Pin To Net: NetName=GND Pin=R5-2
Added Pin To Net: NetName=NetC1_2 Pin=U1-0
Added Pin To Net: NetName=NetC2_2 Pin=U1-1
Added Pin To Net: NetName=NetC3_2 Pin=U1-2
Added Pin To Net: NetName=NetR4_2 Pin=U1-3
Added Pin To Net: NetName=NetR1_1 Pin=U1-4
Added Pin To Net: NetName=NetR2_1 Pin=U1-5
Added Pin To Net: NetName=VCC Pin=U1-5V
Added Pin To Net: NetName=NetR3_1 Pin=U1-6
Added Pin To Net: NetName=NetJ8_01 Pin=U1-8
Added Pin To Net: NetName=NetJ8_02 Pin=U1-9
Added Pin To Net: NetName=GND Pin=U1-G
Added Pin To Net: NetName=GND Pin=U?-2
Added Member To Class: ClassName=Sheet Member=Component C1 C315C470J1G5TA
Added Member To Class: ClassName=Sheet Member=Component C2 C315C470J1G5TA
Added Member To Class: ClassName=Sheet Member=Component C3 C315C470J1G5TA
Added Member To Class: ClassName=Sheet Member=Component J1 S2
Added Member To Class: ClassName=Sheet Member=Component J2 S4
Added Member To Class: ClassName=Sheet Member=Component J3 S1
Added Member To Class: ClassName=Sheet Member=Component J4 S3
Added Member To Class: ClassName=Sheet Member=Component J5 S1
Added Member To Class: ClassName=Sheet Member=Component J6 RGB
Added Member To Class: ClassName=Sheet Member=Component J8 RTC
Added Member To Class: ClassName=Sheet Member=Component R1 Res1
Added Member To Class: ClassName=Sheet Member=Component R2 Res1
Added Member To Class: ClassName=Sheet Member=Component R3 Res1
Added Member To Class: ClassName=Sheet Member=Component R4 Res1
Added Member To Class: ClassName=Sheet Member=Component R5 Res1
Added Member To Class: ClassName=Sheet Member=Component U1 ESP32-C3_SUPERMINI
Added Room: Name=Sheet2
Added Room: Name=Sheet
